-------------------------------------------------------------------------------
Test set: com.htu.petclinichtu.PetClinicHtuApplicationTests
-------------------------------------------------------------------------------
Tests run: 1, Failures: 0, Errors: 1, Skipped: 0, Time elapsed: 4.329 s <<< FAILURE! - in com.htu.petclinichtu.PetClinicHtuApplicationTests
contextLoads  Time elapsed: 0.012 s  <<< ERROR!
java.lang.IllegalStateException: Failed to load ApplicationContext
Caused by: org.springframework.beans.factory.UnsatisfiedDependencyException: Error creating bean with name 'dataLoader' defined in file [D:\Maruth\GitHub\pet-clinic-htu\pet-clinic-web\target\classes\com\htu\petclinichtu\bootstrap\DataLoader.class]: Unsatisfied dependency expressed through constructor parameter 0; nested exception is org.springframework.beans.factory.UnsatisfiedDependencyException: Error creating bean with name 'ownerServiceMap' defined in URL [jar:file:/D:/Maruth/GitHub/pet-clinic-htu/pet-clinic-data/target/pet-clinic-data-0.0.2-SNAPSHOT.jar!/com/htu/petclinichtu/services/map/OwnerServiceMap.class]: Unsatisfied dependency expressed through constructor parameter 1; nested exception is org.springframework.beans.factory.NoSuchBeanDefinitionException: No qualifying bean of type 'com.htu.petclinichtu.services.PetService' available: expected at least 1 bean which qualifies as autowire candidate. Dependency annotations: {}
Caused by: org.springframework.beans.factory.UnsatisfiedDependencyException: Error creating bean with name 'ownerServiceMap' defined in URL [jar:file:/D:/Maruth/GitHub/pet-clinic-htu/pet-clinic-data/target/pet-clinic-data-0.0.2-SNAPSHOT.jar!/com/htu/petclinichtu/services/map/OwnerServiceMap.class]: Unsatisfied dependency expressed through constructor parameter 1; nested exception is org.springframework.beans.factory.NoSuchBeanDefinitionException: No qualifying bean of type 'com.htu.petclinichtu.services.PetService' available: expected at least 1 bean which qualifies as autowire candidate. Dependency annotations: {}
Caused by: org.springframework.beans.factory.NoSuchBeanDefinitionException: No qualifying bean of type 'com.htu.petclinichtu.services.PetService' available: expected at least 1 bean which qualifies as autowire candidate. Dependency annotations: {}

